{
  "stats": {
    "suites": 1,
    "tests": 1,
    "passes": 1,
    "pending": 0,
    "failures": 0,
    "start": "2021-04-22T17:47:35.088Z",
    "end": "2021-04-22T17:47:58.773Z",
    "duration": 23685,
    "testsRegistered": 1,
    "passPercent": 100,
    "pendingPercent": 0,
    "other": 0,
    "hasOther": false,
    "skipped": 0,
    "hasSkipped": false
  },
  "results": [
    {
      "uuid": "0699e0c4-4805-422c-bf4b-f628a8372522",
      "title": "",
      "fullFile": "cypress/integration/vrt.spec.js",
      "file": "cypress/integration/vrt.spec.js",
      "beforeHooks": [],
      "afterHooks": [],
      "tests": [],
      "suites": [
        {
          "uuid": "29c9246c-6de0-413a-bbed-ea9ebf45765f",
          "title": "Testsuite for navigation",
          "fullFile": "",
          "file": "",
          "beforeHooks": [],
          "afterHooks": [],
          "tests": [
            {
              "title": "Navigate the site using View and Back-buttons",
              "fullTitle": "Testsuite for navigation Navigate the site using View and Back-buttons",
              "timedOut": null,
              "duration": 18425,
              "state": "passed",
              "speed": "slow",
              "pass": true,
              "fail": false,
              "pending": false,
              "context": null,
              "code": "cy.percySnapshot('indexPage-Snapshot');\nindexFuncs.validLogin(cy, targets.user1, targets.pw1);\noverviewFuncs.checkTesterHotelOverviewPage(cy); //overviewpage\ncy.percySnapshot('OverviewPage-Snapshot');\noverviewFuncs.navigateToClientsPage(cy); //clientspage\nclientsFunc.checkClientsPage(cy);\ncy.percySnapshot('ClientsPage-Snapshot');\nclientsFunc.navigateBack(cy);\noverviewFuncs.checkTesterHotelOverviewPage(cy);\noverviewFuncs.navigateToReservationsPage(cy);\nreservationFuncs.checkReservationsPage(cy);\ncy.percySnapshot('ReservationsPage-Snapshot');\nreservationFuncs.navigateBack(cy);\noverviewFuncs.checkTesterHotelOverviewPage(cy);\noverviewFuncs.navigateToRoomsPage(cy);\nroomsFuncs.checkRoomsPage(cy);\ncy.percySnapshot('RoomsPage-Snapshot');\nroomsFuncs.navigateBack(cy);\noverviewFuncs.checkTesterHotelOverviewPage(cy);\noverviewFuncs.navigateToBillsPage(cy);\nbillsFuncs.checkBillsPage(cy);\ncy.percySnapshot('BillsPage-Snapshot');\nbillsFuncs.navigateBack(cy);\noverviewFuncs.checkTesterHotelOverviewPage(cy);",
              "err": {},
              "uuid": "6f9a53f0-59de-4213-ab14-920b15e2e222",
              "parentUUID": "29c9246c-6de0-413a-bbed-ea9ebf45765f",
              "isHook": false,
              "skipped": false
            }
          ],
          "suites": [],
          "passes": [
            "6f9a53f0-59de-4213-ab14-920b15e2e222"
          ],
          "failures": [],
          "pending": [],
          "skipped": [],
          "duration": 18425,
          "root": false,
          "rootEmpty": false,
          "_timeout": 2000
        }
      ],
      "passes": [],
      "failures": [],
      "pending": [],
      "skipped": [],
      "duration": 0,
      "root": true,
      "rootEmpty": true,
      "_timeout": 2000
    }
  ],
  "meta": {
    "mocha": {
      "version": "7.0.1"
    },
    "mochawesome": {
      "options": {
        "quiet": false,
        "reportFilename": "mochawesome",
        "saveHtml": true,
        "saveJson": true,
        "consoleReporter": "spec",
        "useInlineDiffs": false,
        "code": true
      },
      "version": "6.2.2"
    },
    "marge": {
      "options": null,
      "version": "5.2.0"
    }
  }
}