{
  "stats": {
    "suites": 1,
    "tests": 1,
    "passes": 1,
    "pending": 0,
    "failures": 0,
    "start": "2021-04-22T19:42:35.194Z",
    "end": "2021-04-22T19:42:55.358Z",
    "duration": 20164,
    "testsRegistered": 1,
    "passPercent": 100,
    "pendingPercent": 0,
    "other": 0,
    "hasOther": false,
    "skipped": 0,
    "hasSkipped": false
  },
  "results": [
    {
      "uuid": "96f85a36-104d-461d-9bc5-3ab722ae1093",
      "title": "",
      "fullFile": "cypress/integration/vrt.spec.js",
      "file": "cypress/integration/vrt.spec.js",
      "beforeHooks": [],
      "afterHooks": [],
      "tests": [],
      "suites": [
        {
          "uuid": "2a0dc7bd-2374-4563-b694-38d67479de96",
          "title": "Testsuite for navigation",
          "fullFile": "",
          "file": "",
          "beforeHooks": [],
          "afterHooks": [],
          "tests": [
            {
              "title": "Navigate the site taking snapshots",
              "fullTitle": "Testsuite for navigation Navigate the site taking snapshots",
              "timedOut": null,
              "duration": 15999,
              "state": "passed",
              "speed": "slow",
              "pass": true,
              "fail": false,
              "pending": false,
              "context": null,
              "code": "cy.get('.btn').contains('Login');\ncy.percySnapshot('indexPage-Snapshot');\nindexFuncs.validLogin(cy, targets.user1, targets.pw1);\noverviewFuncs.checkTesterHotelOverviewPage(cy); //overviewpage\ncy.contains('Reservations');\ncy.percySnapshot('OverviewPage-Snapshot');\noverviewFuncs.navigateToClientsPage(cy); //clientspage\nclientsFunc.checkClientsPage(cy);\ncy.get(':nth-child(1) > .icon');\ncy.percySnapshot('ClientsPage-Snapshot');\nclientsFunc.navigateBack(cy);\noverviewFuncs.checkTesterHotelOverviewPage(cy);\noverviewFuncs.navigateToReservationsPage(cy);\nreservationFuncs.checkReservationsPage(cy);\ncy.get('h3');\ncy.percySnapshot('ReservationsPage-Snapshot');\nreservationFuncs.navigateBack(cy);\noverviewFuncs.checkTesterHotelOverviewPage(cy);\noverviewFuncs.navigateToRoomsPage(cy);\nroomsFuncs.checkRoomsPage(cy);\ncy.get(':nth-child(1) > .icon');\ncy.percySnapshot('RoomsPage-Snapshot');\nroomsFuncs.navigateBack(cy);\noverviewFuncs.checkTesterHotelOverviewPage(cy);\noverviewFuncs.navigateToBillsPage(cy);\nbillsFuncs.checkBillsPage(cy);\ncy.get('.id');\ncy.percySnapshot('BillsPage-Snapshot');\nbillsFuncs.navigateBack(cy);\noverviewFuncs.checkTesterHotelOverviewPage(cy);",
              "err": {},
              "uuid": "12ffb2ec-ebc4-4cf9-8579-a8562bf6f16b",
              "parentUUID": "2a0dc7bd-2374-4563-b694-38d67479de96",
              "isHook": false,
              "skipped": false
            }
          ],
          "suites": [],
          "passes": [
            "12ffb2ec-ebc4-4cf9-8579-a8562bf6f16b"
          ],
          "failures": [],
          "pending": [],
          "skipped": [],
          "duration": 15999,
          "root": false,
          "rootEmpty": false,
          "_timeout": 2000
        }
      ],
      "passes": [],
      "failures": [],
      "pending": [],
      "skipped": [],
      "duration": 0,
      "root": true,
      "rootEmpty": true,
      "_timeout": 2000
    }
  ],
  "meta": {
    "mocha": {
      "version": "7.0.1"
    },
    "mochawesome": {
      "options": {
        "quiet": false,
        "reportFilename": "mochawesome",
        "saveHtml": true,
        "saveJson": true,
        "consoleReporter": "spec",
        "useInlineDiffs": false,
        "code": true
      },
      "version": "6.2.2"
    },
    "marge": {
      "options": null,
      "version": "5.2.0"
    }
  }
}